{"C:\\Users\\jvrs_\\Desktop\\Projeto SDK API-FISCAL\\src\\data\\constants\\url.ts": {"path":"C:\\Users\\jvrs_\\Desktop\\Projeto SDK API-FISCAL\\src\\data\\constants\\url.ts","statementMap":{"0":{"start":{"line":1,"column":0},"end":{"line":1,"column":13}},"1":{"start":{"line":2,"column":11},"end":{"line":2,"column":69}},"2":{"start":{"line":5,"column":0},"end":{"line":5,"column":13}},"3":{"start":{"line":6,"column":11},"end":{"line":6,"column":47}}},"fnMap":{},"branchMap":{},"s":{"0":2,"1":2,"2":2,"3":2},"f":{},"b":{}}
,"C:\\Users\\jvrs_\\Desktop\\Projeto SDK API-FISCAL\\src\\data\\domain\\auth.params.ts": {"path":"C:\\Users\\jvrs_\\Desktop\\Projeto SDK API-FISCAL\\src\\data\\domain\\auth.params.ts","statementMap":{"0":{"start":{"line":3,"column":24},"end":{"line":3,"column":37}},"1":{"start":{"line":3,"column":47},"end":{"line":3,"column":60}},"2":{"start":{"line":6,"column":8},"end":{"line":9,"column":10}},"3":{"start":{"line":1,"column":0},"end":{"line":1,"column":13}}},"fnMap":{"0":{"name":"(anonymous_0)","decl":{"start":{"line":3,"column":4},"end":{"line":3,"column":24}},"loc":{"start":{"line":3,"column":60},"end":{"line":3,"column":65}}},"1":{"name":"(anonymous_1)","decl":{"start":{"line":5,"column":4},"end":{"line":5,"column":12}},"loc":{"start":{"line":5,"column":12},"end":{"line":10,"column":5}}}},"branchMap":{},"s":{"0":4,"1":4,"2":1,"3":3},"f":{"0":4,"1":1},"b":{}}
,"C:\\Users\\jvrs_\\Desktop\\Projeto SDK API-FISCAL\\src\\data\\domain\\auth.response.ts": {"path":"C:\\Users\\jvrs_\\Desktop\\Projeto SDK API-FISCAL\\src\\data\\domain\\auth.response.ts","statementMap":{"0":{"start":{"line":6,"column":8},"end":{"line":6,"column":29}},"1":{"start":{"line":7,"column":8},"end":{"line":7,"column":25}},"2":{"start":{"line":1,"column":0},"end":{"line":1,"column":13}}},"fnMap":{"0":{"name":"(anonymous_0)","decl":{"start":{"line":5,"column":4},"end":{"line":5,"column":16}},"loc":{"start":{"line":5,"column":44},"end":{"line":8,"column":5}}}},"branchMap":{},"s":{"0":3,"1":3,"2":2},"f":{"0":3},"b":{}}
,"C:\\Users\\jvrs_\\Desktop\\Projeto SDK API-FISCAL\\src\\data\\external\\auth.adapter.ts": {"path":"C:\\Users\\jvrs_\\Desktop\\Projeto SDK API-FISCAL\\src\\data\\external\\auth.adapter.ts","statementMap":{"0":{"start":{"line":2,"column":0},"end":{"line":2,"column":43}},"1":{"start":{"line":8,"column":24},"end":{"line":8,"column":41}},"2":{"start":{"line":11,"column":23},"end":{"line":11,"column":85}},"3":{"start":{"line":13,"column":8},"end":{"line":13,"column":29}},"4":{"start":{"line":7,"column":0},"end":{"line":7,"column":13}}},"fnMap":{"0":{"name":"(anonymous_7)","decl":{"start":{"line":8,"column":4},"end":{"line":8,"column":24}},"loc":{"start":{"line":8,"column":41},"end":{"line":8,"column":46}}},"1":{"name":"(anonymous_8)","decl":{"start":{"line":10,"column":10},"end":{"line":10,"column":17}},"loc":{"start":{"line":10,"column":40},"end":{"line":14,"column":6}}}},"branchMap":{},"s":{"0":2,"1":0,"2":0,"3":0,"4":2},"f":{"0":0,"1":0},"b":{}}
,"C:\\Users\\jvrs_\\Desktop\\Projeto SDK API-FISCAL\\src\\data\\usecases\\authentication.ts": {"path":"C:\\Users\\jvrs_\\Desktop\\Projeto SDK API-FISCAL\\src\\data\\usecases\\authentication.ts","statementMap":{"0":{"start":{"line":9,"column":8},"end":{"line":9,"column":25}},"1":{"start":{"line":13,"column":8},"end":{"line":13,"column":51}},"2":{"start":{"line":5,"column":0},"end":{"line":5,"column":13}}},"fnMap":{"0":{"name":"(anonymous_7)","decl":{"start":{"line":8,"column":4},"end":{"line":8,"column":16}},"loc":{"start":{"line":8,"column":27},"end":{"line":10,"column":5}}},"1":{"name":"(anonymous_8)","decl":{"start":{"line":12,"column":10},"end":{"line":12,"column":24}},"loc":{"start":{"line":12,"column":47},"end":{"line":14,"column":null}}}},"branchMap":{},"s":{"0":1,"1":1,"2":1},"f":{"0":1,"1":1},"b":{}}
}
